[debug] [2022-04-03T11:30:06.750Z] ----------------------------------------------------------------------
[debug] [2022-04-03T11:30:06.752Z] Command:       C:\Program Files\nodejs\node.exe C:\Users\0\AppData\Roaming\npm\node_modules\firebase-tools\lib\bin\firebase.js emulators:start
[debug] [2022-04-03T11:30:06.752Z] CLI Version:   10.5.0
[debug] [2022-04-03T11:30:06.752Z] Platform:      win32
[debug] [2022-04-03T11:30:06.752Z] Node Version:  v16.14.2
[debug] [2022-04-03T11:30:06.754Z] Time:          Sun Apr 03 2022 20:30:06 GMT+0900 (대한민국 표준시)
[debug] [2022-04-03T11:30:06.754Z] ----------------------------------------------------------------------
[debug] 
[debug] [2022-04-03T11:30:06.816Z] > command requires scopes: ["email","openid","https://www.googleapis.com/auth/cloudplatformprojects.readonly","https://www.googleapis.com/auth/firebase","https://www.googleapis.com/auth/cloud-platform"]
[debug] [2022-04-03T11:30:06.816Z] > authorizing via signed-in user (chlthdud2000@gmail.com)
[info] i  emulators: Starting emulators: functions, hosting {"metadata":{"emulator":{"name":"hub"},"message":"Starting emulators: functions, hosting"}}
[debug] [2022-04-03T11:30:06.843Z] [hub] writing locator at C:\Users\0\AppData\Local\Temp\hub-clone-a859f.json
[warn] !  functions: The following emulators are not running, calls to these services from the Functions emulator will affect production: auth, firestore, database, pubsub, storage {"metadata":{"emulator":{"name":"functions"},"message":"The following emulators are not running, calls to these services from the Functions emulator will affect production: \u001b[1mauth, firestore, database, pubsub, storage\u001b[22m"}}
[info] +  functions: Using node@16 from host. {"metadata":{"emulator":{"name":"functions"},"message":"Using node@16 from host."}}
[debug] [2022-04-03T11:30:06.860Z] defaultcredentials: writing to file C:\Users\0\AppData\Roaming\firebase\chlthdud2000_gmail_com_application_default_credentials.json
[debug] [2022-04-03T11:30:06.863Z] Setting GAC to C:\Users\0\AppData\Roaming\firebase\chlthdud2000_gmail_com_application_default_credentials.json {"metadata":{"emulator":{"name":"functions"},"message":"Setting GAC to C:\\Users\\0\\AppData\\Roaming\\firebase\\chlthdud2000_gmail_com_application_default_credentials.json"}}
[debug] [2022-04-03T11:30:06.868Z] >>> [apiv2][query] GET https://firebase.googleapis.com/v1beta1/projects/clone-a859f/adminSdkConfig [none]
[debug] [2022-04-03T11:30:07.360Z] <<< [apiv2][status] GET https://firebase.googleapis.com/v1beta1/projects/clone-a859f/adminSdkConfig 200
[debug] [2022-04-03T11:30:07.360Z] <<< [apiv2][body] GET https://firebase.googleapis.com/v1beta1/projects/clone-a859f/adminSdkConfig {"projectId":"clone-a859f","storageBucket":"clone-a859f.appspot.com"}
[debug] [2022-04-03T11:30:07.372Z] >>> [apiv2][query] GET https://firebasehosting.googleapis.com/v1beta1/projects/clone-a859f/sites 
[debug] [2022-04-03T11:30:08.398Z] <<< [apiv2][status] GET https://firebasehosting.googleapis.com/v1beta1/projects/clone-a859f/sites 200
[debug] [2022-04-03T11:30:08.399Z] <<< [apiv2][body] GET https://firebasehosting.googleapis.com/v1beta1/projects/clone-a859f/sites {"sites":[{"name":"projects/800794525361/sites/clone-a859f","defaultUrl":"https://clone-a859f.web.app","appId":"1:800794525361:web:f0c0f95a142fa1f89eec90","type":"DEFAULT_SITE"}]}
[debug] [2022-04-03T11:30:08.399Z] >>> [apiv2][query] GET https://firebase.googleapis.com/v1beta1/projects/clone-a859f/webApps/1:800794525361:web:f0c0f95a142fa1f89eec90/config [none]
[debug] [2022-04-03T11:30:09.558Z] <<< [apiv2][status] GET https://firebase.googleapis.com/v1beta1/projects/clone-a859f/webApps/1:800794525361:web:f0c0f95a142fa1f89eec90/config 200
[debug] [2022-04-03T11:30:09.559Z] <<< [apiv2][body] GET https://firebase.googleapis.com/v1beta1/projects/clone-a859f/webApps/1:800794525361:web:f0c0f95a142fa1f89eec90/config {"projectId":"clone-a859f","appId":"1:800794525361:web:f0c0f95a142fa1f89eec90","storageBucket":"clone-a859f.appspot.com","apiKey":"AIzaSyBgWIH4Dc7g0FDBHUPBzpEXPx8ORhPIwTY","authDomain":"clone-a859f.firebaseapp.com","messagingSenderId":"800794525361","measurementId":"G-6F7SVM70T0"}
[info] i  hosting: Serving hosting files from: build {"metadata":{"emulator":{"name":"hosting"},"message":"Serving hosting files from: \u001b[1mbuild\u001b[22m"}}
[info] +  hosting: Local server: http://localhost:5000 {"metadata":{"emulator":{"name":"hosting"},"message":"Local server: \u001b[4m\u001b[1mhttp://localhost:5000\u001b[22m\u001b[24m"}}
[debug] [2022-04-03T11:30:09.586Z] Ignoring unsupported arg: auto_download {"metadata":{"emulator":{"name":"ui"},"message":"Ignoring unsupported arg: auto_download"}}
[debug] [2022-04-03T11:30:09.586Z] Ignoring unsupported arg: port {"metadata":{"emulator":{"name":"ui"},"message":"Ignoring unsupported arg: port"}}
[debug] [2022-04-03T11:30:09.586Z] Starting Emulator UI with command {"binary":"node","args":["C:\\Users\\0\\.cache\\firebase\\emulators\\ui-v1.6.5\\server.bundle.js"],"optionalArgs":[],"joinArgs":false} {"metadata":{"emulator":{"name":"ui"},"message":"Starting Emulator UI with command {\"binary\":\"node\",\"args\":[\"C:\\\\Users\\\\0\\\\.cache\\\\firebase\\\\emulators\\\\ui-v1.6.5\\\\server.bundle.js\"],\"optionalArgs\":[],\"joinArgs\":false}"}}
[info] i  ui: Emulator UI logging to ui-debug.log {"metadata":{"emulator":{"name":"ui"},"message":"Emulator UI logging to \u001b[1mui-debug.log\u001b[22m"}}
[debug] [2022-04-03T11:30:09.731Z] Web / API server started at localhost:4000
 {"metadata":{"emulator":{"name":"ui"},"message":"Web / API server started at localhost:4000\n"}}
[info] i  functions: Watching "C:\Users\0\Desktop\Project\amazon-clone\functions" for Cloud Functions... {"metadata":{"emulator":{"name":"functions"},"message":"Watching \"C:\\Users\\0\\Desktop\\Project\\amazon-clone\\functions\" for Cloud Functions..."}}
[debug] [2022-04-03T11:30:09.876Z] Validating nodejs source
[debug] [2022-04-03T11:30:12.294Z] > [functions] package.json contents: {
  "name": "functions",
  "description": "Cloud Functions for Firebase",
  "scripts": {
    "lint": "eslint .",
    "serve": "firebase emulators:start --only functions",
    "shell": "firebase functions:shell",
    "start": "npm run shell",
    "deploy": "firebase deploy --only functions",
    "logs": "firebase functions:log"
  },
  "engines": {
    "node": "16"
  },
  "main": "index.js",
  "dependencies": {
    "cors": "^2.8.5",
    "express": "^4.17.3",
    "firebase-admin": "^10.0.2",
    "firebase-functions": "^3.18.0",
    "stripe": "^8.215.0"
  },
  "devDependencies": {
    "eslint": "^8.9.0",
    "eslint-config-google": "^0.14.0",
    "firebase-functions-test": "^0.2.0"
  },
  "private": true
}
[debug] [2022-04-03T11:30:12.294Z] Building nodejs source
[debug] [2022-04-03T11:30:12.294Z] Analyzing nodejs backend spec
[info] +  functions[us-central1-api]: http function initialized (http://localhost:5001/clone-a859f/us-central1/api). {"metadata":{"emulator":{"name":"functions"},"message":"\u001b[1mhttp\u001b[22m function initialized (http://localhost:5001/clone-a859f/us-central1/api)."}}
[info] 
┌─────────────────────────────────────────────────────────────┐
│ ✔  All emulators ready! It is now safe to connect your app. │
│ i  View Emulator UI at http://localhost:4000                │
└─────────────────────────────────────────────────────────────┘

┌───────────┬────────────────┬─────────────────────────────────┐
│ Emulator  │ Host:Port      │ View in Emulator UI             │
├───────────┼────────────────┼─────────────────────────────────┤
│ Functions │ localhost:5001 │ http://localhost:4000/functions │
├───────────┼────────────────┼─────────────────────────────────┤
│ Hosting   │ localhost:5000 │ n/a                             │
└───────────┴────────────────┴─────────────────────────────────┘
  Emulator Hub running at localhost:4400
  Other reserved ports: 4500

Issues? Report them at https://github.com/firebase/firebase-tools/issues and attach the *-debug.log files.
 
[debug] [2022-04-03T11:32:12.572Z] File C:\Users\0\Desktop\Project\amazon-clone\functions\package-lock.json changed, reloading triggers {"metadata":{"emulator":{"name":"functions"},"message":"File C:\\Users\\0\\Desktop\\Project\\amazon-clone\\functions\\package-lock.json changed, reloading triggers"}}
[debug] [2022-04-03T11:32:12.579Z] File C:\Users\0\Desktop\Project\amazon-clone\functions\package.json changed, reloading triggers {"metadata":{"emulator":{"name":"functions"},"message":"File C:\\Users\\0\\Desktop\\Project\\amazon-clone\\functions\\package.json changed, reloading triggers"}}
[debug] [2022-04-03T11:32:13.583Z] Validating nodejs source
[debug] [2022-04-03T11:32:15.975Z] > [functions] package.json contents: {
  "name": "functions",
  "description": "Cloud Functions for Firebase",
  "scripts": {
    "lint": "eslint .",
    "serve": "firebase emulators:start --only functions",
    "shell": "firebase functions:shell",
    "start": "npm run shell",
    "deploy": "firebase deploy --only functions",
    "logs": "firebase functions:log"
  },
  "engines": {
    "node": "16"
  },
  "main": "index.js",
  "dependencies": {
    "cors": "^2.8.5",
    "express": "^4.17.3",
    "firebase-admin": "^10.0.2",
    "firebase-functions": "^3.18.0",
    "moment": "^2.29.1",
    "stripe": "^8.215.0"
  },
  "devDependencies": {
    "eslint": "^8.9.0",
    "eslint-config-google": "^0.14.0",
    "firebase-functions-test": "^0.2.0"
  },
  "private": true
}
[debug] [2022-04-03T11:32:15.975Z] Building nodejs source
[debug] [2022-04-03T11:32:15.975Z] Analyzing nodejs backend spec
